2020-06-19T14:38:11+00:00 DEBUG 
====Stripe Version: 4.4.0====
====Start Log====
Your domain has been verified with Apple Pay!
====End Log====


2020-06-19T14:56:35+00:00 DEBUG 
====Stripe Version: 4.4.0====
====Start Log====
Your domain has been verified with Apple Pay!
====End Log====


2020-06-19T15:07:29+00:00 DEBUG 
====Stripe Version: 4.4.0====
====Start Log====
Your domain has been verified with Apple Pay!
====End Log====


2020-06-19T15:08:16+00:00 DEBUG 
====Stripe Version: 4.4.0====
====Start Log====
Your domain has been verified with Apple Pay!
====End Log====


2020-06-19T15:09:03+00:00 DEBUG 
====Stripe Version: 4.4.0====
====Start Log====
Your domain has been verified with Apple Pay!
====End Log====


2020-06-19T15:55:02+00:00 DEBUG 
====Stripe Version: 4.4.0====
====Start Log====
Your domain has been verified with Apple Pay!
====End Log====


2020-06-19T15:57:42+00:00 DEBUG 
====Stripe Version: 4.4.0====
====Start Log====
Your domain has been verified with Apple Pay!
====End Log====


2020-06-19T15:58:31+00:00 DEBUG 
====Stripe Version: 4.4.0====
====Start Log====
Your domain has been verified with Apple Pay!
====End Log====


