2020-06-21T18:15:54+00:00 DEBUG 
====Stripe Version: 4.4.0====
====Start Log====
customers/cus_HTniXg7LzdTig8/sources request: Array
(
    [limit] => 100
)

====End Log====


2020-06-21T18:15:54+00:00 DEBUG 
====Stripe Version: 4.4.0====
====Start Log====
customers/cus_HTniXg7LzdTig8/sources request: Array
(
    [limit] => 100
)

====End Log====


2020-06-21T18:15:59+00:00 DEBUG 
====Stripe Version: 4.4.0====
====Start Log====
customers/cus_HTniXg7LzdTig8/sources request: Array
(
    [limit] => 100
)

====End Log====


2020-06-21T18:15:59+00:00 DEBUG 
====Stripe Version: 4.4.0====
====Start Log====
customers/cus_HTniXg7LzdTig8/sources request: Array
(
    [limit] => 100
)

====End Log====


2020-06-21T18:16:00+00:00 DEBUG 
====Stripe Version: 4.4.0====
====Start Log====
customers/cus_HTniXg7LzdTig8/sources request: Array
(
    [limit] => 100
)

====End Log====


2020-06-21T18:16:01+00:00 DEBUG 
====Stripe Version: 4.4.0====
====Start Log====
customers/cus_HTniXg7LzdTig8/sources request: Array
(
    [limit] => 100
)

====End Log====


2020-06-21T18:16:37+00:00 DEBUG 
====Stripe Version: 4.4.0====
====Start Log====
customers/cus_HTniXg7LzdTig8/sources request: Array
(
    [limit] => 100
)

====End Log====


2020-06-21T18:16:38+00:00 DEBUG 
====Stripe Version: 4.4.0====
====Start Log====
customers/cus_HTniXg7LzdTig8/sources request: Array
(
    [limit] => 100
)

====End Log====


2020-06-21T18:16:41+00:00 DEBUG 
====Stripe Version: 4.4.0====
====Start Log====
customers/cus_HTniXg7LzdTig8/sources request: Array
(
    [limit] => 100
)

====End Log====


2020-06-21T18:16:41+00:00 DEBUG 
====Stripe Version: 4.4.0====
====Start Log====
customers/cus_HTniXg7LzdTig8/sources request: Array
(
    [limit] => 100
)

====End Log====


2020-06-21T18:31:48+00:00 DEBUG 
====Stripe Version: 4.4.0====
====Start Log====
customers/cus_HTniXg7LzdTig8/sources request: Array
(
    [limit] => 100
)

====End Log====


2020-06-21T18:31:48+00:00 DEBUG 
====Stripe Version: 4.4.0====
====Start Log====
customers/cus_HTniXg7LzdTig8/sources request: Array
(
    [limit] => 100
)

====End Log====


2020-06-21T18:31:52+00:00 DEBUG 
====Stripe Version: 4.4.0====
====Start Log====
customers/cus_HTniXg7LzdTig8/sources request: Array
(
    [limit] => 100
)

====End Log====


2020-06-21T18:31:52+00:00 DEBUG 
====Stripe Version: 4.4.0====
====Start Log====
customers/cus_HTniXg7LzdTig8/sources request: Array
(
    [limit] => 100
)

====End Log====


2020-06-21T18:31:53+00:00 DEBUG 
====Stripe Version: 4.4.0====
====Start Log====
customers/cus_HTniXg7LzdTig8/sources request: Array
(
    [limit] => 100
)

====End Log====


2020-06-21T18:31:53+00:00 DEBUG 
====Stripe Version: 4.4.0====
====Start Log====
customers/cus_HTniXg7LzdTig8/sources request: Array
(
    [limit] => 100
)

====End Log====


2020-06-21T18:32:00+00:00 DEBUG 
====Stripe Version: 4.4.0====
====Start Log====
customers/cus_HTniXg7LzdTig8/sources request: Array
(
    [limit] => 100
)

====End Log====


2020-06-21T18:32:01+00:00 DEBUG 
====Stripe Version: 4.4.0====
====Start Log====
customers/cus_HTniXg7LzdTig8/sources request: Array
(
    [limit] => 100
)

====End Log====


2020-06-21T18:32:04+00:00 DEBUG 
====Stripe Version: 4.4.0====
====Start Log====
customers/cus_HTniXg7LzdTig8/sources request: Array
(
    [limit] => 100
)

====End Log====


2020-06-21T18:32:04+00:00 DEBUG 
====Stripe Version: 4.4.0====
====Start Log====
customers/cus_HTniXg7LzdTig8/sources request: Array
(
    [limit] => 100
)

====End Log====


2020-06-21T18:32:04+00:00 DEBUG 
====Stripe Version: 4.4.0====
====Start Log====
customers/cus_HTniXg7LzdTig8/sources request: Array
(
    [limit] => 100
)

====End Log====


2020-06-21T18:32:05+00:00 DEBUG 
====Stripe Version: 4.4.0====
====Start Log====
customers/cus_HTniXg7LzdTig8/sources request: Array
(
    [limit] => 100
)

====End Log====


